[Boot] INFO:  setProperties(com.simontuffs.onejar.JarClassLoader@60e53b93)
[Boot] INFO:  using JarClassLoader: com.simontuffs.onejar.JarClassLoader
[JarClassLoader] WARN:  org/joda/time/base/BaseDateTime.class in lib/joda-time-2.8.2.jar is hidden by lib/elasticsearch-2.3.3.jar (with different bytecode)
SMART DOOR: DEBUG cleartext event: 
{zip=Greene, door_id=117, last_name=99179, id=77-25-81-B9-42-68, time=2017/02/03 20:13:04, first_name=Warrior, building=Elizabeth}

[JarClassLoader] INFO:  findResource() found: "config/names.txt" for caller null in codebase lib/elasticsearch-2.3.3.jar
Feb 03, 2017 8:13:05 PM org.elasticsearch.plugins.PluginsService <init>
INFO: [Mr. M] modules [], plugins [], sites []
[JarClassLoader] INFO:  findResource() found: "org/joda/time/format/messages.properties" for caller null in codebase lib/joda-time-2.8.2.jar
[JarClassLoader] INFO:  findResource() found: "org/joda/time/format/messages_en.properties" for caller null in codebase lib/joda-time-2.8.2.jar
INPHER PROXY: DEBUG encrypted event:
{zip=2sOuSi/K4rHTmCMoohn0vA==, msg=GaJNE3aaBbWtJuhbh8SHuaJTzkuGXINw3souudCjPcA+kr09QV6HRbU/FFZB1dPWk8fP0Qh7OKPYlkWd7/4BHPsu7Q/pLhSKm4HE0mhdaxUkFVAEuBY2T16iR5YrQErDpws4kQsHZ0E0lq+ziM1+V68Bv9n6a18OO6rpOYOBYeacf8EruQ4UNN8HW1jG/wsUPwnLe7o3HEdbp426V1zVbPPp8GA/Mg4e6QTWzE+WNbZOu3jnIR2SMA==, door_id=jit5BCnS9XpHBB+ZFXUZAQ==, last_name=waiEdpp0KkE4ygKZB69SNA==, time=FEVwA/51I3jJDGotAjvm0kr1j0taDRZfApPU/TfK9/RUYrFjN9Pa/ksSusHDFRlq2SCrrfISzDYI+LKMdBF1ojMAx6InVoZo3qHMDMZlvhBkOmMpgSiTmteSq/AUW2MEuGKLNZpnO38pNrj1vK8B1zEPJooVpUcEmlLjWV6yEYJez481UciRbn1E2pXFEGbNG3uoTh/ZxyYLFrJCeXQPN2Ys2fiA71RkdO7fftjC9GYmmO3OZzHywnmfkp6sTaUuDT/N6vZsBnYzBcc56h4k/wlPgHrHiZ8tCcmtfxOYSOM5afcX+MFb2DSmzRhKgxfQHUSgj0o/VwR3yg3eREMaWBg3UqbsM3CwMfx1HcQLfHlWepPDTwFAhgK5wBIgbcYZsSpfqoBclynASjK6Sap/P21MfvstySAC9oQvYu5FvVhmFeAD77Wl/6PWuOjmyepVjyzEz1EqolNpU+8kv3Ad27VPUuGtQHERy6GApTuJVCMPMap6rM6OgCkZIy3yH8boCcVRjlm++fjDFXoGHFQFMUjwANMpsiK4KJuGls+eJSvE2R115NP+8yCpi+4UgoTus+t3rzpBVy5Qf/EMThecZw==, first_name=gzo+3NPh4U9de98yw4xQPw==, building=hBnR/IS+SvxSRGoF9Nnnwg==}

SMART DOOR: DEBUG cleartext event: 
{zip=Perkins, door_id=834, last_name=99179, id=99-4B-A8-52-26-BB, time=2017/02/03 20:13:15, first_name=Warrior, building=Terry}

INPHER PROXY: DEBUG encrypted event:
{zip=So9PjuqhFXWQMXu1AOE0PQ==, msg=CM/bv71iaPvv4irEXp1nfH6/yMBxXz4C7aKA+u2OOjXeLj8x0ZMm7hGDwblD7sY2xrPvmOoO196cNIeTEglET/GteX12pb75CaupgjU9ytgKJYX1rHfAa9VRBPeqNBPGsU5Mx9S/WOmYCldR1YVf95rBp4uuHY1hniiJNv4PweJWafXhlm3nU3yhi8oUujI24l1YJw3tMtnIPgXIA37vNqjFDJUfSTwnzWn0Qj1ysgfUvS1pPQ==, door_id=0F/xhpelk2VLroy9ADwgTw==, last_name=waiEdpp0KkE4ygKZB69SNA==, time=FEVwA/51I3jJDGotAjvm0kr1j0taDRZfApPU/TfK9/RUYrFjN9Pa/ksSusHDFRlq2SCrrfISzDYI+LKMdBF1ojMAx6InVoZo3qHMDMZlvhBkOmMpgWvt0RM4LpMFRT/yNm1ofpOuYU0M3O4V2R2ifpXD0gVVOzykBRHOyXLtWwsgT/5EveaH47iiNnEBR2VAayrekg6h0UMse/bNK5SGUHxQT7uSm7V5zKbmwenK62FcFn4Ne9LylPUPS38CLlwVPgyzko4+bvAruj0AH/Xq/CMCREyf8xg8EWZp4vUD7UUoVEdvtnS9ler0uRO2iKMmPhaVrd2N58vEWYI7GyZXi0xHxc+e1YncZYx4CE9hPSIH5YE86eVkalvFwmBNfeSAHk9A9aY3uORiXjxv13KkXQT9h63kxFTUrCCdZdChg343YYQruOuzZyQGlqMjLmDk4afEMnTWC6e2oehG7AGy1GX/mY608eCAZp4B1cfPdbdctIfl+xvTjBPvrilummNyR0uisWnxBJ67SBZNWo/CLm7P3eo7YspkqG7zX6Y31odhVntlXPRIBwGIMeKnndA7oIPewkA1WdRQptZMAv94jw==, first_name=gzo+3NPh4U9de98yw4xQPw==, building=wClWYuhyT1qbR0/h0vLSEA==}

SMART DOOR: DEBUG cleartext event: 
{zip=Patterson, door_id=573, last_name=86256, id=1C-FE-FE-6A-E2-46, time=2017/02/03 20:13:26, first_name=Center, building=Denise}

INPHER PROXY: DEBUG encrypted event:
{zip=3X/WiJEdyZZJtUZslboTLQ==, msg=lxzpoHYqZjdvdaJQ66ivcGO8Lc8ABx+qTibHtDOHIlJu75wVFc252kp5v1VNH7PKFplAOZM2QDaetjNqNxGKBLbaE844296SnHiTRoYuoylkSa9iOBIf+3HdMUcGPu5dVAdz9u3ZFtqOwx+RvHGTsb0pWmb1eWGchKeXL9wUXjuUx5PrIxW7FWG8TQ8AItJbDtHX0YhITw3GOtOgkymRahpN1MLTTHljcsaC4mDTjknaOukvJW42, door_id=tNxjXehT4AGsK0jhsmlQZw==, last_name=aCyofcaVtXNowbfWWCfcuQ==, time=FEVwA/51I3jJDGotAjvm0kr1j0taDRZfApPU/TfK9/RUYrFjN9Pa/ksSusHDFRlq2SCrrfISzDYI+LKMdBF1ojMAx6InVoZo3qHMDMZlvhBkOmMpgWvt0RM4LpMFRT/yNm1ofpOu0IG6ZuvcoYCG7+8SDCRCP40GSYbuM6A8fR0pwSchSqixY7DPWFtKRKYAlxExUnvaPLYOR4QMSRheNJVTUDCAvv7/IlEZhtKxiwgwdx1PUqNYJbnFmMswQaRbSL34eUFSZW61EPmqJfMv2wBvBrcAUuRQT+b5ykWqA/rhjPwL02E2ivoGHzkZ9PN96DESSebrw83DQVtCZWs9mVWhZuLV0XsjmwlgEOSyOKFemGeaCuVzvHkf5reXoQBU2cPdlPJ7I5bD0g8KO9PtGqYPicgdPtvaOvdOD9Z46I/+mYr9mvdYTV8MwaTWNSCbduWiSuuEuEGQM5QG0UZnQejcRW+nZM8KnheCp2HR4+pxqN3roVkU9WdlEzbpMqdy/qx9BC1HJBSfXZClk+12rXh1Gxv3/ySdX3T6HCkEsFcTZWP+g8pIkUYR1kfGNifL18smtVmsr3rJo0OVTl4oLg==, first_name=RT+rhIiK59mUJa14+5bcSw==, building=twREUlK/gLd2lKDYNPHA8A==}

SMART DOOR: DEBUG cleartext event: 
{zip=Jenkins, door_id=177, last_name=99179, id=FE-C0-C0-0A-EC-B0, time=2017/02/03 20:13:37, first_name=Warrior, building=Jean}

INPHER PROXY: DEBUG encrypted event:
{zip=+dIHdrsCgNuIxVexVLAjGA==, msg=9dXcPlWYYYmAZAXG+ly8biCdzDXWwuUIm3xOMXy7tjQqKPM7TkBnAjhzJCPj+a+M5BF5GY/gYHVBoU3Yro/RermE48idXrLm51cCRW4RiuaDlrjGAQHd8onxFEFIBVZiLKQRPbkG12IFKqkA1espYgqKaSBWn9+rz95NKsDqmV1n0pnuBNxanqEgrUI8MaHMmw6A5fk80o9pjOWIho5XXLaChtWYkiPhrOnS7kJ1GRijuIRL, door_id=zqkZsNkmCqLhAfWncjvwVA==, last_name=waiEdpp0KkE4ygKZB69SNA==, time=FEVwA/51I3jJDGotAjvm0kr1j0taDRZfApPU/TfK9/RUYrFjN9Pa/ksSusHDFRlq2SCrrfISzDYI+LKMdBF1ojMAx6InVoZo3qHMDMZlvhBkOmMpgWvt0RM4LpMFRT/yNm1ofpOu7TQZ3r/JKtzUOqmuw6P770Mpp1wud1qwHxqNfnXts1Zj7LTIgl5fXxUfigffItDWTKq012QMQtjhmHJWFITja5a3o0pwzv0UpsWaoaGO/F7GWevphRsa4+AHyeD8ah6+GAG+fW1fO5zoqB2tWX1ZO+GXLHFQSUSyLja2rDWB9H0V93d5jzqtMR+LxG6gJOnn66ypx8Gzjywl16v/7fOxGer4BpSCtPiQDKeMnlYtMB27bXEH9GWLs5GNKjP+pZQ7Yp7JFE8t/o5+lWlOADOEMrXmrfETvESI4BDFB9Ryy1BWpXivKtkVtc0kt4r+defH6fqoFSMaLjYdfFdXVCGG4WQX1q3rsGD1gkUkf+BhTgbF61ba8k8b8znnaFf0yZuV1bc2YYojJ9QXFxCoc6QeT8AzakS0J6zon27xS5Zg4WLiV67zX6uN+s9j79yAN3wp6fU68ceUnVAlHQ==, first_name=gzo+3NPh4U9de98yw4xQPw==, building=yfkhtK+dG7QkIk/RO87zng==}

SMART DOOR: DEBUG cleartext event: 
{zip=Bryant, door_id=853, last_name=76146, id=2F-BF-91-27-23-0F, time=2017/02/03 20:13:48, first_name=Londonderry, building=Donald}

INPHER PROXY: DEBUG encrypted event:
{zip=bC0ozjWuFOknKhNHDCInuw==, msg=laEri7VMVQmwScQ/8KT1UchLQDZ7v2Gje634/5fDbFiQ0TIRzlMJDH6fiJ5Fd4ghi0qZ86J0T7g6+D9snb3pGNtCVs06DMZqva1kxBLamKPdUVBdxHzv/s7H8/0Fc8hFeFBk9gS6G/bv6l38PSKGsDKMCEbGPOJmv+oYFYlMGDaCvYYlt1cnBK6MEQVN2JSP18udWc3Yl9odQz7Ag2px/12DOHA5ITkvQA89xYCPiCh34CfKZ8QOIWI=, door_id=iZnvOH5i3A9jo7F7AaM8zw==, last_name=L+NrQN1kIXNEHYtcgeOkog==, time=FEVwA/51I3jJDGotAjvm0kr1j0taDRZfApPU/TfK9/RUYrFjN9Pa/ksSusHDFRlq2SCrrfISzDYI+LKMdBF1ojMAx6InVoZo3qHMDMZlvhBkOmMpgWvt0RM4LpMFRT/yNm1ofpOu6Xq2ve2lQPJv57jCVMqpHNuzZcXu3ILJ2iqD6J1El/p2XAulgu/hPv46xIH0wJFQa5tu4FNUTz3q7bidovpDoTvk7Ne+ru/siRZy6giszWZsRJR4DQbFX0hP3sQSkYVnUHit1UNqfURKw26q88hhN7dAGt4YtbQIer0P6BNbxaMEP4CWXf9s/h5cGqElQfcy4iEvTmcWxlrDoKgP1v1FtZ79nC50odttMoo0WF9ONPr1GX8WdRehvaEPT3e7cZ+YzzpoUef6ao9arCBwQsrIXd+d1aiCzLbT5pe8oFYHfZ8YnBfPEG+E+dpQ/kSOsdkRGg1oGvwprucLKlMNzSE6n8bF9gswzXzgxDw5detlLKV/Vvq3vX/MOhkyGpp6Y7eKAZn4ys+G7/Ol4BL5k4Y2uy8xr361tObBW6V1TPkOw7WmXh+bzAQiMnWEVBXY3xVMW9tsHzS/cBJFNw==, first_name=a+CzGTW2ZOvNCafi9IcdlQ==, building=Ah53M5q2RVNsgcrWfnCBiQ==}

SMART DOOR: DEBUG cleartext event: 
{zip=Garcia, door_id=365, last_name=99179, id=8D-06-6F-96-CF-DB, time=2017/02/03 20:13:59, first_name=Warrior, building=Marie}

INPHER PROXY: DEBUG encrypted event:
{zip=VPnpGXpkUDJc6QjzoqcYLw==, msg=5KCzcvAVgW7+FR54WKwc1HISKwCQm1KyAQ1Reu5kowVDdQF8/xC5Y3Z3Et9X9j/XB34B/L/hpckXeB5mpL99RxUDSLilvEVCI/7BsrIn1Az6W37pxICzezjzlgXOZkpVVvFqfAFN8KCArWWfytR17dFq/eVTpxni7UGPyQhCjmWzvlGAVOum3We+My68o7gcgJkLeHZuCBT2TUvKznbLoP/BqpwoCRCsCimO1ldx3vWYsRw+, door_id=YNm3k95hmv2P7UZzfYp+Hw==, last_name=waiEdpp0KkE4ygKZB69SNA==, time=FEVwA/51I3jJDGotAjvm0kr1j0taDRZfApPU/TfK9/RUYrFjN9Pa/ksSusHDFRlq2SCrrfISzDYI+LKMdBF1ojMAx6InVoZo3qHMDMZlvhBkOmMpgWvt0RM4LpMFRT/yNm1ofpOu2TwwCDJMugrIhuQe8s6sLxtwZ7aUn2FByGv18tole3986kwhnmgXcCcqFQ2hYdLmwyMRmMLnfhnoAuk2xytbbt4EO6jBMg5dD8H44Hv/H8+j+5vvk1+iKFiaqhvWEBPu0YShvAQ3HcbduAzV4FFsvqo8qd/tuRlsT2EDJ+adCL67jnCFmWTTKgG7qY2CLkqOT9W9zny6I3gjV9Tksr3SRbJ9GZr1kQGRdSpFgQWLW+I2BJNpetw6D6kOk+kB5N/ysj/MMWd5ByQn0oeMN7x1NFvbw7wkU0m9ymX29xw8HIPxVBBsoWyvStgxz1ohIGzZMv2EoLNZu2oTqKmWWnIzAzE+fDXyUSydXf+7/epnzQIrKYx6IDx7wGfzCMZGdx2wNf5IBT1sHiYlxA0HMGamC8WiGFHgNERGyjxaGVtiqsb5fjfidNbtnEiwNnp1BOx4lLcV5xgfzPOuiw==, first_name=gzo+3NPh4U9de98yw4xQPw==, building=UDCj/t90W/4x0H51IlVT/g==}

SMART DOOR: DEBUG cleartext event: 
{zip=Lynch, door_id=122, last_name=86256, id=3F-DD-CF-8A-61-C3, time=2017/02/03 20:14:10, first_name=Center, building=Richard}

INPHER PROXY: DEBUG encrypted event:
{zip=2u4SYJJYU1X9la2tIVedpg==, msg=c3UwWGGbzXvsGpzQiiNhzG3kwZGFWeUyS3fWBYz5fmj2KScKCFQsbeXkp09TlweqYmDYa+AmzJ3BStClxw5oBEjNgjYpZoHEqdOQUNB1m8CU8FYYA/A3O5xmx7TD24s2Xx86B67Z2bhSAgY/b8BXR20pCqlfg+R2tS6tkQeILHZw0QJLPyYVO4lTyfrEZeo7C+sD4gcFnVs5pDjLtw79vWKU1Yh4PT3LkFD6TzEmL4EHAP6f, door_id=DlJu33gGoWCX7/aebkTMxQ==, last_name=aCyofcaVtXNowbfWWCfcuQ==, time=FEVwA/51I3jJDGotAjvm0kr1j0taDRZfApPU/TfK9/RUYrFjN9Pa/ksSusHDFRlq2SCrrfISzDYI+LKMdBF1ojMAx6InVoZo3qHMDMZlvhBkOmMpgWvt0RM4LpMFRT/yNm1ofpOucF0WqFjxN35fgrhi79bydfo8YQyRQvARdK4HwRtZ5Z+euNvy4fPgW1kpkzy/zOI1YImm0oi6kMdzCUHs+SPlO+mDF5js0EZcEK9cHcFsSDcELfQJGd/7vVAQvtQOfNvVSm+rj2CPdv32mdHzJwhipX5j8rY4qa2FdIt3RS8U6TfsoFR9qWK5yGB/dauVbNbGKcAI9wa/cUltr9lC4OCBI4B8ew/nyHGj2AEvcSA1jVwiU66m0ITkd8HYY6D6VOASSzV63PGXZcl8x6lEI2h6Fu9rWrI7ndCer1cROfvW/hFJ9D9o0/PC/QNjkEbr5gaWvCi4Pr505s5sa27qxw8BwE1Alb+mpwG6d/Pe5ilzsaE1Iul6lGbMBkLKoMBE2gFfiua0aiZKkiyz3FVdrjMvuzXGvIQ+zFqvJ6bqNvh0R3tQ2LFQJmTjVUVw80w5h6NgctdeBftq0KoaLA==, first_name=RT+rhIiK59mUJa14+5bcSw==, building=j5y1C9JT98v4LvpAzFr1fQ==}

